<?xml version="1.0" encoding="UTF-8"?>
<testsuite xmlns:xsi="http://www.w3.org/2001/XMLSchema-instance" xsi:noNamespaceSchemaLocation="https://maven.apache.org/surefire/maven-surefire-plugin/xsd/surefire-test-report-3.0.xsd" version="3.0" name="fr.istic.vv.DateTest" time="0.034" tests="29" errors="0" skipped="0" failures="0">
  <properties>
[...]
</properties>
  <testcase name="testIsLeapYearCas1" classname="fr.istic.vv.DateTest" time="0.01"/>
  <testcase name="testIsLeapYearCas2" classname="fr.istic.vv.DateTest" time="0"/>
  <testcase name="testIsLeapYearCas3" classname="fr.istic.vv.DateTest" time="0"/>
  <testcase name="testIsLeapYearCas4" classname="fr.istic.vv.DateTest" time="0.001"/>
  <testcase name="testConstructeurCas1" classname="fr.istic.vv.DateTest" time="0.001"/>
  <testcase name="testConstructeurCas2" classname="fr.istic.vv.DateTest" time="0"/>
  <testcase name="testConstructeurCas3" classname="fr.istic.vv.DateTest" time="0"/>
  <testcase name="testConstructeurCas4" classname="fr.istic.vv.DateTest" time="0"/>
  <testcase name="testConstructeurCas5" classname="fr.istic.vv.DateTest" time="0.001"/>
  <testcase name="testPreviousDateCas1" classname="fr.istic.vv.DateTest" time="0"/>
  <testcase name="testPreviousDateCas2" classname="fr.istic.vv.DateTest" time="0"/>
  <testcase name="testPreviousDateCas3" classname="fr.istic.vv.DateTest" time="0"/>
  <testcase name="testGetNumberOfDayByMonthCas1" classname="fr.istic.vv.DateTest" time="0"/>
  <testcase name="testGetNumberOfDayByMonthCas2" classname="fr.istic.vv.DateTest" time="0"/>
  <testcase name="testGetNumberOfDayByMonthCas3" classname="fr.istic.vv.DateTest" time="0"/>
  <testcase name="testGetNumberOfDayByMonthCas4" classname="fr.istic.vv.DateTest" time="0"/>
  <testcase name="testGetNumberOfDayByMonthCas5" classname="fr.istic.vv.DateTest" time="0.001"/>
  <testcase name="testGetNumberOfDayByMonthCas6" classname="fr.istic.vv.DateTest" time="0"/>
  <testcase name="testCompareToCas1" classname="fr.istic.vv.DateTest" time="0"/>
  <testcase name="testCompareToCas2" classname="fr.istic.vv.DateTest" time="0"/>
  <testcase name="testCompareToCas3" classname="fr.istic.vv.DateTest" time="0"/>
  <testcase name="testCompareToCas4" classname="fr.istic.vv.DateTest" time="0.001"/>
  <testcase name="testCompareToCas5" classname="fr.istic.vv.DateTest" time="0"/>
  <testcase name="testCompareToCas6" classname="fr.istic.vv.DateTest" time="0"/>
  <testcase name="testCompareToCas7" classname="fr.istic.vv.DateTest" time="0"/>
  <testcase name="testCompareToCas8" classname="fr.istic.vv.DateTest" time="0.001"/>
  <testcase name="testNextDateCas1" classname="fr.istic.vv.DateTest" time="0"/>
  <testcase name="testNextDateCas2" classname="fr.istic.vv.DateTest" time="0"/>
  <testcase name="testNextDateCas3" classname="fr.istic.vv.DateTest" time="0"/>
</testsuite>